In file included from [01m[K/home/upcoming/Documents/TR-Training 2/TR-Autonomy-2/src/your_solution/src/AimerGuy.cpp:1[m[K:
[01m[K/home/upcoming/Documents/TR-Training 2/TR-Autonomy-2/src/your_solution/src/AimerGuy.h:2:10:[m[K [01;31m[Kfatal error: [m[Kstd_msgs/msg/float32.hpp: No such file or directory
    2 | #include [01;31m[K"std_msgs/msg/float32.hpp"[m[K
      |          [01;31m[K^~~~~~~~~~~~~~~~~~~~~~~~~~[m[K
compilation terminated.
gmake[2]: *** [CMakeFiles/AimerGuy.dir/build.make:76: CMakeFiles/AimerGuy.dir/src/AimerGuy.cpp.o] Error 1
gmake[1]: *** [CMakeFiles/Makefile2:137: CMakeFiles/AimerGuy.dir/all] Error 2
gmake: *** [Makefile:146: all] Error 2
