-- The C compiler identification is GNU 11.4.0
-- The CXX compiler identification is GNU 11.4.0
-- Detecting C compiler ABI info
-- Detecting C compiler ABI info - done
-- Check for working C compiler: /usr/bin/cc - skipped
-- Detecting C compile features
-- Detecting C compile features - done
-- Detecting CXX compiler ABI info
-- Detecting CXX compiler ABI info - done
-- Check for working CXX compiler: /usr/bin/c++ - skipped
-- Detecting CXX compile features
-- Detecting CXX compile features - done
-- Found ament_cmake: 1.3.12 (/opt/ros/humble/share/ament_cmake/cmake)
-- Found Python3: /usr/bin/python3 (found version "3.10.12") found components: Interpreter 
-- Found ament_lint_auto: 0.12.14 (/opt/ros/humble/share/ament_lint_auto/cmake)
-- Added test 'cppcheck' to perform static code analysis on C / C++ code
-- Configured cppcheck include dirs: $<BUILD_INTERFACE:/home/upcoming/Documents/TR-Training 2/TR-Autonomy-2/src/your_solution/include>
-- Configured cppcheck exclude dirs and/or files: 
-- Added test 'lint_cmake' to check CMake code style
-- Added test 'uncrustify' to check C / C++ code style
-- Configured uncrustify additional arguments: 
-- Added test 'xmllint' to check XML markup files
-- Configuring done
-- Generating done
-- Build files have been written to: /home/upcoming/Documents/TR-Training 2/TR-Autonomy-2/src/build/your_solution
[ 50%] [32mBuilding CXX object CMakeFiles/AimerGuy.dir/src/AimerGuy.cpp.o[0m
In file included from [01m[K/home/upcoming/Documents/TR-Training 2/TR-Autonomy-2/src/your_solution/src/AimerGuy.cpp:1[m[K:
[01m[K/home/upcoming/Documents/TR-Training 2/TR-Autonomy-2/src/your_solution/src/AimerGuy.h:2:10:[m[K [01;31m[Kfatal error: [m[Kstd_msgs/msg/float32.hpp: No such file or directory
    2 | #include [01;31m[K"std_msgs/msg/float32.hpp"[m[K
      |          [01;31m[K^~~~~~~~~~~~~~~~~~~~~~~~~~[m[K
compilation terminated.
gmake[2]: *** [CMakeFiles/AimerGuy.dir/build.make:76: CMakeFiles/AimerGuy.dir/src/AimerGuy.cpp.o] Error 1
gmake[1]: *** [CMakeFiles/Makefile2:137: CMakeFiles/AimerGuy.dir/all] Error 2
gmake: *** [Makefile:146: all] Error 2
