[0.280s] Invoking command in '/home/upcoming/Documents/TR-Training 2/TR-Autonomy-2/src/build/your_solution': CMAKE_PREFIX_PATH=/home/upcoming/Documents/TR-Training 2/TR-Autonomy-2/install/spinnyrobot:/opt/ros/humble /usr/bin/cmake /home/upcoming/Documents/TR-Training 2/TR-Autonomy-2/src/your_solution -DCMAKE_INSTALL_PREFIX=/home/upcoming/Documents/TR-Training 2/TR-Autonomy-2/src/install/your_solution
[0.409s] -- The C compiler identification is GNU 11.4.0
[0.504s] -- The CXX compiler identification is GNU 11.4.0
[0.523s] -- Detecting C compiler ABI info
[0.604s] -- Detecting C compiler ABI info - done
[0.613s] -- Check for working C compiler: /usr/bin/cc - skipped
[0.613s] -- Detecting C compile features
[0.615s] -- Detecting C compile features - done
[0.618s] -- Detecting CXX compiler ABI info
[0.732s] -- Detecting CXX compiler ABI info - done
[0.739s] -- Check for working CXX compiler: /usr/bin/c++ - skipped
[0.739s] -- Detecting CXX compile features
[0.739s] -- Detecting CXX compile features - done
[0.746s] -- Found ament_cmake: 1.3.12 (/opt/ros/humble/share/ament_cmake/cmake)
[0.910s] -- Found Python3: /usr/bin/python3 (found version "3.10.12") found components: Interpreter 
[1.060s] -- Found ament_lint_auto: 0.12.14 (/opt/ros/humble/share/ament_lint_auto/cmake)
[1.150s] -- Added test 'cppcheck' to perform static code analysis on C / C++ code
[1.150s] -- Configured cppcheck include dirs: $<BUILD_INTERFACE:/home/upcoming/Documents/TR-Training 2/TR-Autonomy-2/src/your_solution/include>
[1.150s] -- Configured cppcheck exclude dirs and/or files: 
[1.151s] -- Added test 'lint_cmake' to check CMake code style
[1.153s] -- Added test 'uncrustify' to check C / C++ code style
[1.153s] -- Configured uncrustify additional arguments: 
[1.154s] -- Added test 'xmllint' to check XML markup files
[1.156s] -- Configuring done
[1.161s] -- Generating done
[1.162s] -- Build files have been written to: /home/upcoming/Documents/TR-Training 2/TR-Autonomy-2/src/build/your_solution
[1.168s] Invoked command in '/home/upcoming/Documents/TR-Training 2/TR-Autonomy-2/src/build/your_solution' returned '0': CMAKE_PREFIX_PATH=/home/upcoming/Documents/TR-Training 2/TR-Autonomy-2/install/spinnyrobot:/opt/ros/humble /usr/bin/cmake /home/upcoming/Documents/TR-Training 2/TR-Autonomy-2/src/your_solution -DCMAKE_INSTALL_PREFIX=/home/upcoming/Documents/TR-Training 2/TR-Autonomy-2/src/install/your_solution
[1.171s] Invoking command in '/home/upcoming/Documents/TR-Training 2/TR-Autonomy-2/src/build/your_solution': CMAKE_PREFIX_PATH=/home/upcoming/Documents/TR-Training 2/TR-Autonomy-2/install/spinnyrobot:/opt/ros/humble /usr/bin/cmake --build /home/upcoming/Documents/TR-Training 2/TR-Autonomy-2/src/build/your_solution -- -j5 -l5
[1.218s] [ 50%] [32mBuilding CXX object CMakeFiles/AimerGuy.dir/src/AimerGuy.cpp.o[0m
[1.233s] In file included from [01m[K/home/upcoming/Documents/TR-Training 2/TR-Autonomy-2/src/your_solution/src/AimerGuy.cpp:1[m[K:
[1.233s] [01m[K/home/upcoming/Documents/TR-Training 2/TR-Autonomy-2/src/your_solution/src/AimerGuy.h:2:10:[m[K [01;31m[Kfatal error: [m[Kstd_msgs/msg/float32.hpp: No such file or directory
[1.234s]     2 | #include [01;31m[K"std_msgs/msg/float32.hpp"[m[K
[1.234s]       |          [01;31m[K^~~~~~~~~~~~~~~~~~~~~~~~~~[m[K
[1.234s] compilation terminated.
[1.235s] gmake[2]: *** [CMakeFiles/AimerGuy.dir/build.make:76: CMakeFiles/AimerGuy.dir/src/AimerGuy.cpp.o] Error 1
[1.235s] gmake[1]: *** [CMakeFiles/Makefile2:137: CMakeFiles/AimerGuy.dir/all] Error 2
[1.236s] gmake: *** [Makefile:146: all] Error 2
[1.240s] Invoked command in '/home/upcoming/Documents/TR-Training 2/TR-Autonomy-2/src/build/your_solution' returned '2': CMAKE_PREFIX_PATH=/home/upcoming/Documents/TR-Training 2/TR-Autonomy-2/install/spinnyrobot:/opt/ros/humble /usr/bin/cmake --build /home/upcoming/Documents/TR-Training 2/TR-Autonomy-2/src/build/your_solution -- -j5 -l5
