[0.253s] Invoking command in '/home/upcoming/Documents/TR-Training 2/TR-Autonomy-2/src/build/your_solution': CMAKE_PREFIX_PATH=/home/upcoming/Documents/TR-Training 2/TR-Autonomy-2/install/spinnyrobot:/opt/ros/humble /usr/bin/cmake --build /home/upcoming/Documents/TR-Training 2/TR-Autonomy-2/src/build/your_solution -- -j5 -l5
[0.277s] -- Found ament_cmake: 1.3.12 (/opt/ros/humble/share/ament_cmake/cmake)
[0.402s] -- Found rclcpp: 16.0.14 (/opt/ros/humble/share/rclcpp/cmake)
[0.442s] -- Found rosidl_generator_c: 3.1.7 (/opt/ros/humble/share/rosidl_generator_c/cmake)
[0.444s] -- Found rosidl_adapter: 3.1.7 (/opt/ros/humble/share/rosidl_adapter/cmake)
[0.448s] -- Found rosidl_generator_cpp: 3.1.7 (/opt/ros/humble/share/rosidl_generator_cpp/cmake)
[0.456s] -- Using all available rosidl_typesupport_c: rosidl_typesupport_fastrtps_c;rosidl_typesupport_introspection_c
[0.466s] -- Using all available rosidl_typesupport_cpp: rosidl_typesupport_fastrtps_cpp;rosidl_typesupport_introspection_cpp
[0.492s] -- Found rmw_implementation_cmake: 6.1.2 (/opt/ros/humble/share/rmw_implementation_cmake/cmake)
[0.494s] -- Found rmw_fastrtps_cpp: 6.2.8 (/opt/ros/humble/share/rmw_fastrtps_cpp/cmake)
[0.611s] -- Using RMW implementation 'rmw_fastrtps_cpp' as default
[0.660s] -- Found ament_lint_auto: 0.12.14 (/opt/ros/humble/share/ament_lint_auto/cmake)
[0.741s] -- Added test 'cppcheck' to perform static code analysis on C / C++ code
[0.742s] -- Configured cppcheck include dirs: $<BUILD_INTERFACE:/home/upcoming/Documents/TR-Training 2/TR-Autonomy-2/src/your_solution/include>
[0.742s] -- Configured cppcheck exclude dirs and/or files: 
[0.743s] -- Added test 'lint_cmake' to check CMake code style
[0.744s] -- Added test 'uncrustify' to check C / C++ code style
[0.744s] -- Configured uncrustify additional arguments: 
[0.745s] -- Added test 'xmllint' to check XML markup files
[0.746s] -- Configuring done
[0.759s] -- Generating done
[0.761s] -- Build files have been written to: /home/upcoming/Documents/TR-Training 2/TR-Autonomy-2/src/build/your_solution
[0.805s] [ 50%] [32mBuilding CXX object CMakeFiles/AimerGuy.dir/src/AimerGuy.cpp.o[0m
[0.846s] In file included from [01m[K/home/upcoming/Documents/TR-Training 2/TR-Autonomy-2/src/your_solution/src/AimerGuy.cpp:1[m[K:
[0.846s] [01m[K/home/upcoming/Documents/TR-Training 2/TR-Autonomy-2/src/your_solution/src/AimerGuy.h:1:10:[m[K [01;31m[Kfatal error: [m[Krclcpp/rclcpp.hpp: No such file or directory
[0.846s]     1 | #include [01;31m[K"rclcpp/rclcpp.hpp"[m[K
[0.846s]       |          [01;31m[K^~~~~~~~~~~~~~~~~~~[m[K
[0.846s] compilation terminated.
[0.849s] gmake[2]: *** [CMakeFiles/AimerGuy.dir/build.make:76: CMakeFiles/AimerGuy.dir/src/AimerGuy.cpp.o] Error 1
[0.849s] gmake[1]: *** [CMakeFiles/Makefile2:137: CMakeFiles/AimerGuy.dir/all] Error 2
[0.849s] gmake: *** [Makefile:146: all] Error 2
[0.854s] Invoked command in '/home/upcoming/Documents/TR-Training 2/TR-Autonomy-2/src/build/your_solution' returned '2': CMAKE_PREFIX_PATH=/home/upcoming/Documents/TR-Training 2/TR-Autonomy-2/install/spinnyrobot:/opt/ros/humble /usr/bin/cmake --build /home/upcoming/Documents/TR-Training 2/TR-Autonomy-2/src/build/your_solution -- -j5 -l5
